Determining if the pthread_create exist failed with the following output:
Change Dir: /home/garcia/projects/software/ros/rc_moveit_tutorial/cmake-build-debug/CMakeFiles/CMakeTmp

Run Build Command(s):/usr/bin/make cmTC_7757b/fast 
/usr/bin/make -f CMakeFiles/cmTC_7757b.dir/build.make CMakeFiles/cmTC_7757b.dir/build
make[1]: Entering directory '/home/garcia/projects/software/ros/rc_moveit_tutorial/cmake-build-debug/CMakeFiles/CMakeTmp'
Building C object CMakeFiles/cmTC_7757b.dir/CheckSymbolExists.c.o
/usr/bin/cc    -o CMakeFiles/cmTC_7757b.dir/CheckSymbolExists.c.o   -c /home/garcia/projects/software/ros/rc_moveit_tutorial/cmake-build-debug/CMakeFiles/CMakeTmp/CheckSymbolExists.c
Linking C executable cmTC_7757b
/home/garcia/tools/clion-2019.1.2/bin/cmake/linux/bin/cmake -E cmake_link_script CMakeFiles/cmTC_7757b.dir/link.txt --verbose=1
/usr/bin/cc      -rdynamic CMakeFiles/cmTC_7757b.dir/CheckSymbolExists.c.o  -o cmTC_7757b 
CMakeFiles/cmTC_7757b.dir/CheckSymbolExists.c.o: In function `main':
CheckSymbolExists.c:(.text+0x1b): undefined reference to `pthread_create'
collect2: error: ld returned 1 exit status
CMakeFiles/cmTC_7757b.dir/build.make:86: recipe for target 'cmTC_7757b' failed
make[1]: *** [cmTC_7757b] Error 1
make[1]: Leaving directory '/home/garcia/projects/software/ros/rc_moveit_tutorial/cmake-build-debug/CMakeFiles/CMakeTmp'
Makefile:121: recipe for target 'cmTC_7757b/fast' failed
make: *** [cmTC_7757b/fast] Error 2

File /home/garcia/projects/software/ros/rc_moveit_tutorial/cmake-build-debug/CMakeFiles/CMakeTmp/CheckSymbolExists.c:
/* */
#include <pthread.h>

int main(int argc, char** argv)
{
  (void)argv;
#ifndef pthread_create
  return ((int*)(&pthread_create))[argc];
#else
  (void)argc;
  return 0;
#endif
}

Determining if the function pthread_create exists in the pthreads failed with the following output:
Change Dir: /home/garcia/projects/software/ros/rc_moveit_tutorial/cmake-build-debug/CMakeFiles/CMakeTmp

Run Build Command(s):/usr/bin/make cmTC_37811/fast 
/usr/bin/make -f CMakeFiles/cmTC_37811.dir/build.make CMakeFiles/cmTC_37811.dir/build
make[1]: Entering directory '/home/garcia/projects/software/ros/rc_moveit_tutorial/cmake-build-debug/CMakeFiles/CMakeTmp'
Building C object CMakeFiles/cmTC_37811.dir/CheckFunctionExists.c.o
/usr/bin/cc   -DCHECK_FUNCTION_EXISTS=pthread_create   -o CMakeFiles/cmTC_37811.dir/CheckFunctionExists.c.o   -c /home/garcia/tools/clion-2019.1.2/bin/cmake/linux/share/cmake-3.14/Modules/CheckFunctionExists.c
Linking C executable cmTC_37811
/home/garcia/tools/clion-2019.1.2/bin/cmake/linux/bin/cmake -E cmake_link_script CMakeFiles/cmTC_37811.dir/link.txt --verbose=1
/usr/bin/cc  -DCHECK_FUNCTION_EXISTS=pthread_create    -rdynamic CMakeFiles/cmTC_37811.dir/CheckFunctionExists.c.o  -o cmTC_37811 -lpthreads 
/usr/bin/ld: cannot find -lpthreads
collect2: error: ld returned 1 exit status
CMakeFiles/cmTC_37811.dir/build.make:86: recipe for target 'cmTC_37811' failed
make[1]: *** [cmTC_37811] Error 1
make[1]: Leaving directory '/home/garcia/projects/software/ros/rc_moveit_tutorial/cmake-build-debug/CMakeFiles/CMakeTmp'
Makefile:121: recipe for target 'cmTC_37811/fast' failed
make: *** [cmTC_37811/fast] Error 2


